<?xml version="1.0" encoding="UTF-8"?>
<!-- Generated by org.testng.reporters.JUnitReportReporter -->
<testsuite hostname="DUC-LAn20q3gaZ3" failures="0" tests="1" name="com.tutorialsninja.qa.testcases.RegisterPageTest" time="7.114" errors="0" timestamp="2025-09-12T18:52:09 IST" skipped="0">
  <testcase classname="com.tutorialsninja.qa.testcases.RegisterPageTest" name="verifyRegisterPage" time="7.114"/>
</testsuite> <!-- com.tutorialsninja.qa.testcases.RegisterPageTest -->
