<?xml version="1.0" encoding="UTF-8"?>
<!-- Generated by org.testng.reporters.JUnitReportReporter -->
<testsuite hostname="DUC-LAn20q3gaZ3" failures="0" tests="2" name="com.tutorialsninja.qa.testcases.LoginJava" time="19.411" errors="0" timestamp="2025-09-05T17:26:32 IST" skipped="0">
  <testcase classname="com.tutorialsninja.qa.testcases.LoginJava" name="verifyLoginWithInValidCredentials" time="10.141"/>
  <testcase classname="com.tutorialsninja.qa.testcases.LoginJava" name="verifyLoginWithValidCredentials" time="9.270"/>
</testsuite> <!-- com.tutorialsninja.qa.testcases.LoginJava -->
