<?xml version="1.0" encoding="UTF-8"?>
<!-- Generated by org.testng.reporters.JUnitReportReporter -->
<testsuite hostname="DUC-LAn20q3gaZ3" failures="0" tests="6" name="com.tutorialsninja.qa.testcases.LoginJava" time="44.592" errors="0" timestamp="2025-09-05T18:14:52 IST" skipped="0">
  <testcase classname="com.tutorialsninja.qa.testcases.LoginJava" name="verifyLoginWithValidCredentials" time="11.876"/>
  <testcase classname="com.tutorialsninja.qa.testcases.LoginJava" name="verifyLoginWithInvalidEmailAndValidPassword" time="8.283"/>
  <testcase classname="com.tutorialsninja.qa.testcases.LoginJava" name="verifyLoginWithValidEMailAndInvalidPassword" time="8.828"/>
  <testcase classname="com.tutorialsninja.qa.testcases.LoginJava" name="verifyLoginWithInvalidEMailAndInvalidPassword" time="8.042"/>
  <testcase classname="com.tutorialsninja.qa.testcases.LoginJava" name="verifyLoginWithInvalidEMailAndValidPassword" time="7.509"/>
  <testcase classname="com.tutorialsninja.qa.testcases.LoginJava" name="verifyTimeStampWithDate" time="0.054"/>
</testsuite> <!-- com.tutorialsninja.qa.testcases.LoginJava -->
