<?xml version="1.0" encoding="UTF-8"?>
<!-- Generated by org.testng.reporters.JUnitReportReporter -->
<testsuite hostname="DUC-LAn20q3gaZ3" failures="0" tests="2" name="com.tutorialsninja.qa.testcases.SearchProductPageTest" time="13.553" errors="0" timestamp="2025-09-13T13:30:38 IST" skipped="0">
  <testcase classname="com.tutorialsninja.qa.testcases.SearchProductPageTest" name="serachValidProduct" time="7.203"/>
  <testcase classname="com.tutorialsninja.qa.testcases.SearchProductPageTest" name="serachInValidProduct" time="6.350"/>
</testsuite> <!-- com.tutorialsninja.qa.testcases.SearchProductPageTest -->
