<?xml version="1.0" encoding="UTF-8"?>
<!-- Generated by org.testng.reporters.JUnitReportReporter -->
<testsuite hostname="DUC-LAn20q3gaZ3" failures="0" tests="1" name="com.tutorialsninja.qa.testcases.LoginJava" time="29.555" errors="0" timestamp="2025-09-05T15:06:14 IST" skipped="0">
  <testcase classname="com.tutorialsninja.qa.testcases.LoginJava" name="verifyLoginPage" time="29.555"/>
</testsuite> <!-- com.tutorialsninja.qa.testcases.LoginJava -->
