<?xml version="1.0" encoding="UTF-8"?>
<!-- Generated by org.testng.reporters.JUnitReportReporter -->
<testsuite hostname="DUC-LAn20q3gaZ3" failures="0" tests="1" name="com.tutorialsninja.qa.testcases.Register" time="10.360" errors="0" timestamp="2025-09-08T18:22:49 IST" skipped="0">
  <testcase classname="com.tutorialsninja.qa.testcases.Register" name="verifyRegisterPage" time="10.360"/>
</testsuite> <!-- com.tutorialsninja.qa.testcases.Register -->
