<?xml version="1.0" encoding="UTF-8"?>
<!-- Generated by org.testng.reporters.JUnitReportReporter -->
<testsuite hostname="DUC-LAn20q3gaZ3" failures="0" tests="2" name="com.tutorialsninja.qa.testcases.RegisterPageTest" time="15.154" errors="0" timestamp="2025-09-13T12:48:50 IST" skipped="0">
  <testcase classname="com.tutorialsninja.qa.testcases.RegisterPageTest" name="verifyRegisterPage" time="7.890"/>
  <testcase classname="com.tutorialsninja.qa.testcases.RegisterPageTest" name="verifyRegisterPageWithEmptyValues" time="7.264"/>
</testsuite> <!-- com.tutorialsninja.qa.testcases.RegisterPageTest -->
