<?xml version="1.0" encoding="UTF-8"?>
<!-- Generated by org.testng.reporters.JUnitReportReporter -->
<testsuite hostname="DUC-LAn20q3gaZ3" failures="0" tests="2" name="com.tutorialsninja.qa.testcases.Register" time="15.395" errors="0" timestamp="2025-09-09T15:15:22 IST" skipped="0">
  <testcase classname="com.tutorialsninja.qa.testcases.Register" name="verifyRegisterPageWithEmptyValues" time="7.866"/>
  <testcase classname="com.tutorialsninja.qa.testcases.Register" name="verifyRegisterPage" time="7.529"/>
</testsuite> <!-- com.tutorialsninja.qa.testcases.Register -->
