<?xml version="1.0" encoding="UTF-8"?>
<!-- Generated by org.testng.reporters.JUnitReportReporter -->
<testsuite hostname="DUC-LAn20q3gaZ3" failures="0" tests="4" name="com.tutorialsninja.qa.testcases.LoginPageTest" time="33.009" errors="0" timestamp="2025-09-12T12:41:24 IST" skipped="0">
  <testcase classname="com.tutorialsninja.qa.testcases.LoginPageTest" name="verifyLoginWithValidCredentials" time="14.035"/>
  <testcase classname="com.tutorialsninja.qa.testcases.LoginPageTest" name="verifyLoginWithInvalidEmailAndValidPassword" time="6.428"/>
  <testcase classname="com.tutorialsninja.qa.testcases.LoginPageTest" name="verifyLoginWithValidEMailAndInvalidPassword" time="6.513"/>
  <testcase classname="com.tutorialsninja.qa.testcases.LoginPageTest" name="verifyLoginWithInvalidEMailAndInvalidPassword" time="6.033"/>
</testsuite> <!-- com.tutorialsninja.qa.testcases.LoginPageTest -->
