<?xml version="1.0" encoding="UTF-8"?>
<!-- Generated by org.testng.reporters.JUnitReportReporter -->
<testsuite hostname="DUC-LAn20q3gaZ3" failures="0" tests="2" name="com.tutorialsninja.qa.testcases.SearchProductPageTest" time="13.221" errors="0" timestamp="2025-09-17T15:14:22 IST" skipped="0">
  <testcase classname="com.tutorialsninja.qa.testcases.SearchProductPageTest" name="serachValidProduct" time="6.761"/>
  <testcase classname="com.tutorialsninja.qa.testcases.SearchProductPageTest" name="serachInValidProduct" time="6.460"/>
</testsuite> <!-- com.tutorialsninja.qa.testcases.SearchProductPageTest -->
