<?xml version="1.0" encoding="UTF-8"?>
<!-- Generated by org.testng.reporters.JUnitReportReporter -->
<testsuite hostname="DUC-LAn20q3gaZ3" failures="0" tests="4" name="com.tutorialsninja.qa.testcases.LoginPageTest" time="28.594" errors="0" timestamp="2025-09-13T12:59:02 IST" skipped="0">
  <testcase classname="com.tutorialsninja.qa.testcases.LoginPageTest" name="verifyLoginWithValidCredentials" time="7.937"/>
  <testcase classname="com.tutorialsninja.qa.testcases.LoginPageTest" name="verifyLoginWithInvalidEmailAndValidPassword" time="6.853"/>
  <testcase classname="com.tutorialsninja.qa.testcases.LoginPageTest" name="verifyLoginWithValidEMailAndInvalidPassword" time="6.868"/>
  <testcase classname="com.tutorialsninja.qa.testcases.LoginPageTest" name="verifyLoginWithInvalidEMailAndInvalidPassword" time="6.936"/>
</testsuite> <!-- com.tutorialsninja.qa.testcases.LoginPageTest -->
