<?xml version="1.0" encoding="UTF-8"?>
<!-- Generated by org.testng.reporters.JUnitReportReporter -->
<testsuite hostname="DUC-LAn20q3gaZ3" failures="0" tests="1" name="com.tutorialsninja.qa.testcases.LoginJava" time="9.523" errors="0" timestamp="2025-09-04T19:40:29 IST" skipped="0">
  <testcase classname="com.tutorialsninja.qa.testcases.LoginJava" name="verifyLoginPage" time="9.523"/>
</testsuite> <!-- com.tutorialsninja.qa.testcases.LoginJava -->
