<?xml version="1.0" encoding="UTF-8"?>
<!-- Generated by org.testng.reporters.JUnitReportReporter -->
<testsuite hostname="DUC-LAn20q3gaZ3" failures="0" tests="2" name="com.tutorialsninja.qa.testcases.SearchProduct" time="13.928" errors="0" timestamp="2025-09-09T18:37:44 IST" skipped="0">
  <testcase classname="com.tutorialsninja.qa.testcases.SearchProduct" name="serachValidProduct" time="7.922"/>
  <testcase classname="com.tutorialsninja.qa.testcases.SearchProduct" name="serachInValidProduct" time="6.006"/>
</testsuite> <!-- com.tutorialsninja.qa.testcases.SearchProduct -->
