<?xml version="1.0" encoding="UTF-8"?>
<!-- Generated by org.testng.reporters.JUnitReportReporter -->
<testsuite hostname="DUC-LAn20q3gaZ3" failures="0" tests="2" name="com.tutorialsninja.qa.testcases.RegisterPageTest" time="19.641" errors="0" timestamp="2025-09-16T18:31:46 IST" skipped="0">
  <testcase classname="com.tutorialsninja.qa.testcases.RegisterPageTest" name="verifyRegisterPage" time="10.202"/>
  <testcase classname="com.tutorialsninja.qa.testcases.RegisterPageTest" name="verifyRegisterPageWithEmptyValues" time="9.439"/>
</testsuite> <!-- com.tutorialsninja.qa.testcases.RegisterPageTest -->
